Using pre-set license
Built from '2020.3/staging' branch; Version is '2020.3.19f1 (68f137dc9bbe) revision 6877495'; Using compiler version '192528614'; Build Type 'Release'
OS: 'Windows 10 Pro; OS build 19042.1237; Version 2009; 64bit' Language: 'tr' Physical Memory: 16333 MB
BatchMode: 1, IsHumanControllingUs: 0, StartBugReporterOnCrash: 0, Is64bit: 1, IsPro: 0

COMMAND LINE ARGUMENTS:
D:\Program Files (x86)\Unity\Hub\2020.3.19f1\Editor\Unity.exe
-adb2
-batchMode
-noUpm
-name
AssetImportWorker0
-projectPath
C:/Users/ataka/Documents/GitHub/Hissiyat Isi Bu
-logFile
Logs/AssetImportWorker0.log
-srvPort
63265
Successfully changed project path to: C:/Users/ataka/Documents/GitHub/Hissiyat Isi Bu
C:/Users/ataka/Documents/GitHub/Hissiyat Isi Bu
Using Asset Import Pipeline V2.
Refreshing native plugins compatible for Editor in 36.78 ms, found 2 plugins.
Preloading 0 native plugins for Editor in 0.00 ms.
Initialize engine version: 2020.3.19f1 (68f137dc9bbe)
[Subsystems] Discovering subsystems at path D:/Program Files (x86)/Unity/Hub/2020.3.19f1/Editor/Data/Resources/UnitySubsystems
[Subsystems] Discovering subsystems at path C:/Users/ataka/Documents/GitHub/Hissiyat Isi Bu/Assets
GfxDevice: creating device client; threaded=0
Direct3D:
    Version:  Direct3D 11.0 [level 11.1]
    Renderer: NVIDIA GeForce GTX 1660 Ti (ID=0x2182)
    Vendor:   
    VRAM:     5991 MB
    Driver:   30.0.14.9676
Initialize mono
Mono path[0] = 'D:/Program Files (x86)/Unity/Hub/2020.3.19f1/Editor/Data/Managed'
Mono path[1] = 'D:/Program Files (x86)/Unity/Hub/2020.3.19f1/Editor/Data/MonoBleedingEdge/lib/mono/unityjit'
Mono config path = 'D:/Program Files (x86)/Unity/Hub/2020.3.19f1/Editor/Data/MonoBleedingEdge/etc'
Using monoOptions --debugger-agent=transport=dt_socket,embedding=1,server=y,suspend=n,address=127.0.0.1:56680
Begin MonoManager ReloadAssembly
Registering precompiled unity dll's ...
Register platform support module: D:/Program Files (x86)/Unity/Hub/2020.3.19f1/Editor/Data/PlaybackEngines/WindowsStandaloneSupport/UnityEditor.WindowsStandalone.Extensions.dll
Registered in 0.001274 seconds.
Native extension for WindowsStandalone target not found
Refreshing native plugins compatible for Editor in 35.58 ms, found 2 plugins.
Preloading 0 native plugins for Editor in 0.00 ms.
Mono: successfully reloaded assembly
- Completed reload, in  0.916 seconds
Domain Reload Profiling:
	ReloadAssembly (916ms)
		BeginReloadAssembly (51ms)
			ExecutionOrderSort (0ms)
			DisableScriptedObjects (0ms)
			BackupInstance (0ms)
			ReleaseScriptingObjects (0ms)
			CreateAndSetChildDomain (1ms)
		EndReloadAssembly (422ms)
			LoadAssemblies (50ms)
			RebuildTransferFunctionScriptingTraits (0ms)
			SetupTypeCache (156ms)
			ReleaseScriptCaches (0ms)
			RebuildScriptCaches (28ms)
			SetupLoadedEditorAssemblies (167ms)
				LogAssemblyErrors (0ms)
				InitializePlatformSupportModulesInManaged (4ms)
				SetLoadedEditorAssemblies (0ms)
				RefreshPlugins (36ms)
				BeforeProcessingInitializeOnLoad (18ms)
				ProcessInitializeOnLoadAttributes (80ms)
				ProcessInitializeOnLoadMethodAttributes (29ms)
				AfterProcessingInitializeOnLoad (0ms)
				EditorAssembliesLoaded (0ms)
			ExecutionOrderSort2 (0ms)
			AwakeInstancesAfterBackupRestoration (0ms)
Platform modules already initialized, skipping
Registering precompiled user dll's ...
Registered in 0.004835 seconds.
Begin MonoManager ReloadAssembly
Native extension for WindowsStandalone target not found
Refreshing native plugins compatible for Editor in 0.38 ms, found 2 plugins.
Preloading 0 native plugins for Editor in 0.00 ms.
Mono: successfully reloaded assembly
- Completed reload, in  1.036 seconds
Domain Reload Profiling:
	ReloadAssembly (1037ms)
		BeginReloadAssembly (153ms)
			ExecutionOrderSort (0ms)
			DisableScriptedObjects (5ms)
			BackupInstance (0ms)
			ReleaseScriptingObjects (0ms)
			CreateAndSetChildDomain (18ms)
		EndReloadAssembly (822ms)
			LoadAssemblies (87ms)
			RebuildTransferFunctionScriptingTraits (0ms)
			SetupTypeCache (288ms)
			ReleaseScriptCaches (0ms)
			RebuildScriptCaches (45ms)
			SetupLoadedEditorAssemblies (302ms)
				LogAssemblyErrors (0ms)
				InitializePlatformSupportModulesInManaged (5ms)
				SetLoadedEditorAssemblies (0ms)
				RefreshPlugins (0ms)
				BeforeProcessingInitializeOnLoad (76ms)
				ProcessInitializeOnLoadAttributes (212ms)
				ProcessInitializeOnLoadMethodAttributes (5ms)
				AfterProcessingInitializeOnLoad (3ms)
				EditorAssembliesLoaded (0ms)
			ExecutionOrderSort2 (0ms)
			AwakeInstancesAfterBackupRestoration (7ms)
Platform modules already initialized, skipping
========================================================================
Worker process is ready to serve import requests
Launched and connected shader compiler UnityShaderCompiler.exe after 0.04 seconds
Refreshing native plugins compatible for Editor in 0.56 ms, found 2 plugins.
Preloading 0 native plugins for Editor in 0.00 ms.
Unloading 1619 Unused Serialized files (Serialized files now loaded: 0)
System memory in use before: 72.4 MB.
System memory in use after: 72.4 MB.

Unloading 20 unused Assets to reduce memory usage. Loaded Objects now: 2056.
Total: 2.987900 ms (FindLiveObjects: 0.177300 ms CreateObjectMapping: 0.038300 ms MarkObjects: 2.702500 ms  DeleteObjects: 0.067900 ms)

AssetImportParameters requested are different than current active one (requested -> active):
  custom:framework-win-MediaFoundation: 216162199b28c13a410421893ffa2e32 -> 
  custom:video-decoder-ogg-theora: a1e56fd34408186e4bbccfd4996cb3dc -> 
  custom:container-muxer-webm: aa71ff27fc2769a1b78a27578f13a17b -> 
  custom:container-demuxer-webm: 4f35f7cbe854078d1ac9338744f61a02 -> 
  custom:container-demuxer-ogg: 62fdf1f143b41e24485cea50d1cbac27 -> 
  custom:video-encoder-webm-vp8: eb34c28f22e8b96e1ab97ce403110664 -> 
  custom:video-decoder-webm-vp8: 9c59270c3fd7afecdb556c50c9e8de78 -> 
  custom:audio-decoder-ogg-vorbis: bf7c407c2cedff20999df2af8eb42d56 -> 
  custom:audio-encoder-webm-vorbis: bf7c407c2cedff20999df2af8eb42d56 -> 
========================================================================
Received Import Request.
  path: Assets/Scripts/Gameplay/Player Scripts/DistanceScript.cs
  artifactKey: Guid(af4241326a03de54f8608700f82e62a8) Importer(815301076,1909f56bfc062723c751e8b465ee728b)
Start importing Assets/Scripts/Gameplay/Player Scripts/DistanceScript.cs using Guid(af4241326a03de54f8608700f82e62a8) Importer(815301076,1909f56bfc062723c751e8b465ee728b)  -> (artifact id: '6d272a91b6b2e2d4051e9adc720532c1') in 0.022579 seconds 
  Import took 0.025191 seconds .

========================================================================
Received Import Request.
  Time since last request: 0.000154 seconds.
  path: Assets/Scripts/Gameplay/Player Scripts/PlayerAnimationController.cs
  artifactKey: Guid(b14ceb3eaf41f584693f484e1259fab9) Importer(815301076,1909f56bfc062723c751e8b465ee728b)
Start importing Assets/Scripts/Gameplay/Player Scripts/PlayerAnimationController.cs using Guid(b14ceb3eaf41f584693f484e1259fab9) Importer(815301076,1909f56bfc062723c751e8b465ee728b)  -> (artifact id: 'f6417a75448055d5a6cd5d380b6b30d9') in 0.002593 seconds 
  Import took 0.004783 seconds .

========================================================================
Received Import Request.
  Time since last request: 0.000207 seconds.
  path: Assets/Scripts/Gameplay/Collectable.cs
  artifactKey: Guid(f10cfa06cfc796049a3c66b289ccda79) Importer(815301076,1909f56bfc062723c751e8b465ee728b)
Start importing Assets/Scripts/Gameplay/Collectable.cs using Guid(f10cfa06cfc796049a3c66b289ccda79) Importer(815301076,1909f56bfc062723c751e8b465ee728b)  -> (artifact id: '62a0319014be132e22ae22a1211af693') in 0.002185 seconds 
  Import took 0.004726 seconds .

========================================================================
Received Import Request.
  Time since last request: 0.000170 seconds.
  path: Assets/Scripts/Gameplay/Player Scripts/PlayerMovement.cs
  artifactKey: Guid(ba8907171320f3f49a4595f32c9740f2) Importer(815301076,1909f56bfc062723c751e8b465ee728b)
Start importing Assets/Scripts/Gameplay/Player Scripts/PlayerMovement.cs using Guid(ba8907171320f3f49a4595f32c9740f2) Importer(815301076,1909f56bfc062723c751e8b465ee728b)  -> (artifact id: '25738cf45ba23961dc67b0602e3b6443') in 0.002779 seconds 
  Import took 0.005221 seconds .

========================================================================
Received Import Request.
  Time since last request: 0.000209 seconds.
  path: Assets/Scripts/Gameplay/Player Scripts/PlayerCanvas.cs
  artifactKey: Guid(238eb1ccdd858944ba6a85d1bd5b997f) Importer(815301076,1909f56bfc062723c751e8b465ee728b)
Start importing Assets/Scripts/Gameplay/Player Scripts/PlayerCanvas.cs using Guid(238eb1ccdd858944ba6a85d1bd5b997f) Importer(815301076,1909f56bfc062723c751e8b465ee728b)  -> (artifact id: 'd1912266e21c0f7f2ca02487ed883fa4') in 0.002846 seconds 
  Import took 0.005289 seconds .

========================================================================
Received Import Request.
  Time since last request: 0.000198 seconds.
  path: Assets/Scripts/Gameplay/Player Scripts/PlayerEvolutionControl.cs
  artifactKey: Guid(4ed17bf1c8e57b24aa9caad1f99242b8) Importer(815301076,1909f56bfc062723c751e8b465ee728b)
Start importing Assets/Scripts/Gameplay/Player Scripts/PlayerEvolutionControl.cs using Guid(4ed17bf1c8e57b24aa9caad1f99242b8) Importer(815301076,1909f56bfc062723c751e8b465ee728b)  -> (artifact id: '4986c58c99584935bae4ea65ba19e62c') in 0.002919 seconds 
  Import took 0.005410 seconds .

========================================================================
Received Import Request.
  Time since last request: 0.000170 seconds.
  path: Assets/Scripts/Gameplay/Player Scripts/PlayerCollideControl.cs
  artifactKey: Guid(5658b80fcb175764ab2cbccd9eebc914) Importer(815301076,1909f56bfc062723c751e8b465ee728b)
Start importing Assets/Scripts/Gameplay/Player Scripts/PlayerCollideControl.cs using Guid(5658b80fcb175764ab2cbccd9eebc914) Importer(815301076,1909f56bfc062723c751e8b465ee728b)  -> (artifact id: 'caa58833e814772d72824dd0107f03e4') in 0.002720 seconds 
  Import took 0.005167 seconds .

========================================================================
Received Import Request.
  Time since last request: 0.000201 seconds.
  path: Assets/Scripts/Gameplay/Player Scripts/Finishbilmemnesi.cs
  artifactKey: Guid(a2ad260342c931d4ebe2b71c8321e7c9) Importer(815301076,1909f56bfc062723c751e8b465ee728b)
Start importing Assets/Scripts/Gameplay/Player Scripts/Finishbilmemnesi.cs using Guid(a2ad260342c931d4ebe2b71c8321e7c9) Importer(815301076,1909f56bfc062723c751e8b465ee728b)  -> (artifact id: '64a3f7e9f963df4fb9db798447375387') in 0.002554 seconds 
  Import took 0.005046 seconds .

========================================================================
Received Import Request.
  Time since last request: 0.000201 seconds.
  path: Assets/Scripts/Gameplay/Player Scripts/Player.cs
  artifactKey: Guid(c3aedcaf6f7c74e4fbe2f43fb4f4ab5d) Importer(815301076,1909f56bfc062723c751e8b465ee728b)
Start importing Assets/Scripts/Gameplay/Player Scripts/Player.cs using Guid(c3aedcaf6f7c74e4fbe2f43fb4f4ab5d) Importer(815301076,1909f56bfc062723c751e8b465ee728b)  -> (artifact id: 'f7f61740ab9a49b58107dfe01302046f') in 0.002552 seconds 
  Import took 0.004816 seconds .

========================================================================
Received Import Request.
  Time since last request: 0.000255 seconds.
  path: Assets/Scripts/Gameplay/Player Scripts
  artifactKey: Guid(75897109d27c3fc4e90347a83de2b522) Importer(815301076,1909f56bfc062723c751e8b465ee728b)
Start importing Assets/Scripts/Gameplay/Player Scripts using Guid(75897109d27c3fc4e90347a83de2b522) Importer(815301076,1909f56bfc062723c751e8b465ee728b)  -> (artifact id: 'ba36556bdc03b53d849d91e67a94d4d2') in 0.002529 seconds 
  Import took 0.004972 seconds .

========================================================================
Received Import Request.
  Time since last request: 0.114286 seconds.
  path: Assets/Scripts/Gameplay/Player Scripts/StackingFront.cs
  artifactKey: Guid(311c9b15e01b4754c9a0b22b672432f3) Importer(815301076,1909f56bfc062723c751e8b465ee728b)
Start importing Assets/Scripts/Gameplay/Player Scripts/StackingFront.cs using Guid(311c9b15e01b4754c9a0b22b672432f3) Importer(815301076,1909f56bfc062723c751e8b465ee728b)  -> (artifact id: '01db20bb5539831942db280d89cf5448') in 0.002466 seconds 
  Import took 0.005954 seconds .

========================================================================
Received Import Request.
  Time since last request: 218.562389 seconds.
  path: Assets/Scripts/Scriptables/RunnerSpecs.asset
  artifactKey: Guid(7f3b87e1b17957142bc6b6e218d063b6) Importer(815301076,1909f56bfc062723c751e8b465ee728b)
Start importing Assets/Scripts/Scriptables/RunnerSpecs.asset using Guid(7f3b87e1b17957142bc6b6e218d063b6) Importer(815301076,1909f56bfc062723c751e8b465ee728b)  -> (artifact id: '8ba8a6e3da43bacc5905b41cb300b5b5') in 0.013742 seconds 
  Import took 0.016368 seconds .

========================================================================
Received Import Request.
  Time since last request: 6.665065 seconds.
  path: Assets/Scenes/Gameplay Scene.unity
  artifactKey: Guid(c68d6969c2433504c8f8fc265bf3457f) Importer(815301076,1909f56bfc062723c751e8b465ee728b)
Start importing Assets/Scenes/Gameplay Scene.unity using Guid(c68d6969c2433504c8f8fc265bf3457f) Importer(815301076,1909f56bfc062723c751e8b465ee728b)  -> (artifact id: '76e0cde8010b27b0bcf139eb5a8404cf') in 0.003013 seconds 
  Import took 0.005685 seconds .

========================================================================
Received Import Request.
  Time since last request: 4.164953 seconds.
  path: Assets/Scenes/SampleScene.unity
  artifactKey: Guid(9fc0d4010bbf28b4594072e72b8655ab) Importer(815301076,1909f56bfc062723c751e8b465ee728b)
Start importing Assets/Scenes/SampleScene.unity using Guid(9fc0d4010bbf28b4594072e72b8655ab) Importer(815301076,1909f56bfc062723c751e8b465ee728b)  -> (artifact id: '0600ca859120d64c28b7f41768fbc095') in 0.003561 seconds 
  Import took 0.006142 seconds .

========================================================================
Received Import Request.
  Time since last request: 1.521936 seconds.
  path: Assets/Scenes/Othertasks.unity
  artifactKey: Guid(0abb563a43bb8f94eb05d356b54d45c7) Importer(815301076,1909f56bfc062723c751e8b465ee728b)
Start importing Assets/Scenes/Othertasks.unity using Guid(0abb563a43bb8f94eb05d356b54d45c7) Importer(815301076,1909f56bfc062723c751e8b465ee728b)  -> (artifact id: '1917a7001dd100a12f432182f05ed6b9') in 0.003162 seconds 
  Import took 0.005713 seconds .

========================================================================
Received Import Request.
  Time since last request: 756.600670 seconds.
  path: Assets/Scripts/Gameplay/PlayerParticle.cs
  artifactKey: Guid(9603dfd33edabac4f8052371f29a6c79) Importer(815301076,1909f56bfc062723c751e8b465ee728b)
Start importing Assets/Scripts/Gameplay/PlayerParticle.cs using Guid(9603dfd33edabac4f8052371f29a6c79) Importer(815301076,1909f56bfc062723c751e8b465ee728b)  -> (artifact id: 'affe5f8fe097cae52b10566dfde46540') in 0.707428 seconds 
  Import took 0.710277 seconds .

AssetImportWorkerClient::OnTransportError - code=2 error=End of file
